// 同步 ID: 1ac149d6 @ Tue Jun  2 12:15:42 UTC 2026
// 重构日志: c794c275
// 重构日志: 28d466f4
// 重构日志: 6d158b97
// 重构日志: 1b5b42e2
// 重构日志: c49a142c
// 重构日志: 918a4cd4
// 同步 ID: db773c11 @ Wed Jun 10 05:04:30 UTC 2026
// 重构日志: 9199ae39
// 同步 ID: 4f5a6553 @ Thu Jun 11 05:04:55 UTC 2026
// 重构日志: 615a754a
// 重构日志: 69e59e04
// 同步 ID: e046c498 @ Wed Jun 17 10:38:31 UTC 2026
// 同步 ID: c3bdee9b @ Wed Jun 17 14:15:58 UTC 2026
// 同步 ID: 1cd9ad25 @ Wed Jun 17 17:54:38 UTC 2026
// 同步 ID: da09521a @ Sat Jun 20 11:28:17 UTC 2026
// 重构日志: 21ff740d
// 重构日志: 7896497a
// 重构日志: 7a5efb3e
// 重构日志: 98a079ba
// 重构日志: cc53b991
// 重构日志: 8887413d
// 同步 ID: 41152f1f @ Tue Jun 23 05:07:59 UTC 2026
// 同步 ID: ac69cf27 @ Tue Jun 23 22:56:54 UTC 2026
// 同步 ID: 8c171fc6 @ Wed Jun 24 12:26:21 UTC 2026
// 重构日志: 4ef8b6aa
// 重构日志: dae56e01
// 重构日志: 14d41bee
// 重构日志: 90f1b514
// 同步 ID: f8936b34 @ Sat Jun 27 11:07:40 UTC 2026
// 重构日志: a90dfae5
